# JRE version: OpenJDK Runtime Environment (8.0_322-b06) (build 1.8.0_322-b06)
# Java VM: OpenJDK 64-Bit Server VM (25.322-b06 mixed mode windows-amd64 compressed oops)
Heap:
 PSYoungGen      total 228864K, used 105703K [0x00000000d5580000, 0x00000000e9f80000, 0x0000000100000000)
  eden space 209920K, 50% used [0x00000000d5580000,0x00000000dbcb9d40,0x00000000e2280000)
  from space 18944K, 0% used [0x00000000e8d00000,0x00000000e8d00000,0x00000000e9f80000)
  to   space 15872K, 0% used [0x00000000e2280000,0x00000000e2280000,0x00000000e3200000)
 ParOldGen       total 158208K, used 39336K [0x0000000080000000, 0x0000000089a80000, 0x00000000d5580000)
  object space 158208K, 24% used [0x0000000080000000,0x000000008266a278,0x0000000089a80000)
 Metaspace       used 60435K, capacity 62848K, committed 63232K, reserved 1107968K
  class space    used 8146K, capacity 8649K, committed 8704K, reserved 1048576K
GC Heap History (10 events):
Event: 2.753 GC heap before
{Heap before GC invocations=7 (full 1):
 PSYoungGen      total 140800K, used 59165K [0x00000000d5580000, 0x00000000e4100000, 0x0000000100000000)
  eden space 130048K, 37% used [0x00000000d5580000,0x00000000d84cca88,0x00000000dd480000)
  from space 10752K, 99% used [0x00000000dd480000,0x00000000ddefac90,0x00000000ddf00000)
  to   space 15360K, 0% used [0x00000000e3200000,0x00000000e3200000,0x00000000e4100000)
 ParOldGen       total 97792K, used 11891K [0x0000000080000000, 0x0000000085f80000, 0x00000000d5580000)
  object space 97792K, 12% used [0x0000000080000000,0x0000000080b9cc80,0x0000000085f80000)
 Metaspace       used 34151K, capacity 35382K, committed 35496K, reserved 1079296K
  class space    used 4730K, capacity 5047K, committed 5120K, reserved 1048576K
Event: 2.763 GC heap after
Heap after GC invocations=7 (full 1):
 PSYoungGen      total 225280K, used 11700K [0x00000000d5580000, 0x00000000e4800000, 0x0000000100000000)
  eden space 209920K, 0% used [0x00000000d5580000,0x00000000d5580000,0x00000000e2280000)
  from space 15360K, 76% used [0x00000000e3200000,0x00000000e3d6d218,0x00000000e4100000)
  to   space 15872K, 0% used [0x00000000e2280000,0x00000000e2280000,0x00000000e3200000)
 ParOldGen       total 97792K, used 11899K [0x0000000080000000, 0x0000000085f80000, 0x00000000d5580000)
  object space 97792K, 12% used [0x0000000080000000,0x0000000080b9ec80,0x0000000085f80000)
 Metaspace       used 34151K, capacity 35382K, committed 35496K, reserved 1079296K
  class space    used 4730K, capacity 5047K, committed 5120K, reserved 1048576K
}
Event: 2.763 GC heap before
{Heap before GC invocations=8 (full 2):
 PSYoungGen      total 225280K, used 11700K [0x00000000d5580000, 0x00000000e4800000, 0x0000000100000000)
  eden space 209920K, 0% used [0x00000000d5580000,0x00000000d5580000,0x00000000e2280000)
  from space 15360K, 76% used [0x00000000e3200000,0x00000000e3d6d218,0x00000000e4100000)
  to   space 15872K, 0% used [0x00000000e2280000,0x00000000e2280000,0x00000000e3200000)
 ParOldGen       total 97792K, used 11899K [0x0000000080000000, 0x0000000085f80000, 0x00000000d5580000)
  object space 97792K, 12% used [0x0000000080000000,0x0000000080b9ec80,0x0000000085f80000)
 Metaspace       used 34151K, capacity 35382K, committed 35496K, reserved 1079296K
  class space    used 4730K, capacity 5047K, committed 5120K, reserved 1048576K
Event: 2.812 GC heap after
Heap after GC invocations=8 (full 2):
 PSYoungGen      total 225280K, used 0K [0x00000000d5580000, 0x00000000e4800000, 0x0000000100000000)
  eden space 209920K, 0% used [0x00000000d5580000,0x00000000d5580000,0x00000000e2280000)
  from space 15360K, 0% used [0x00000000e3200000,0x00000000e3200000,0x00000000e4100000)
  to   space 15872K, 0% used [0x00000000e2280000,0x00000000e2280000,0x00000000e3200000)
 ParOldGen       total 158208K, used 18212K [0x0000000080000000, 0x0000000089a80000, 0x00000000d5580000)
  object space 158208K, 11% used [0x0000000080000000,0x00000000811c91f0,0x0000000089a80000)
 Metaspace       used 34151K, capacity 35382K, committed 35496K, reserved 1079296K
  class space    used 4730K, capacity 5047K, committed 5120K, reserved 1048576K
}
Event: 3.930 GC heap before
{Heap before GC invocations=9 (full 2):
 PSYoungGen      total 225280K, used 209920K [0x00000000d5580000, 0x00000000e4800000, 0x0000000100000000)
  eden space 209920K, 100% used [0x00000000d5580000,0x00000000e2280000,0x00000000e2280000)
  from space 15360K, 0% used [0x00000000e3200000,0x00000000e3200000,0x00000000e4100000)
  to   space 15872K, 0% used [0x00000000e2280000,0x00000000e2280000,0x00000000e3200000)
 ParOldGen       total 158208K, used 18212K [0x0000000080000000, 0x0000000089a80000, 0x00000000d5580000)
  object space 158208K, 11% used [0x0000000080000000,0x00000000811c91f0,0x0000000089a80000)
 Metaspace       used 43329K, capacity 45406K, committed 45568K, reserved 1089536K
  class space    used 6005K, capacity 6360K, committed 6400K, reserved 1048576K
Event: 3.945 GC heap after
Heap after GC invocations=9 (full 2):
 PSYoungGen      total 225792K, used 15852K [0x00000000d5580000, 0x00000000e9f80000, 0x0000000100000000)
  eden space 209920K, 0% used [0x00000000d5580000,0x00000000d5580000,0x00000000e2280000)
  from space 15872K, 99% used [0x00000000e2280000,0x00000000e31fb370,0x00000000e3200000)
  to   space 18944K, 0% used [0x00000000e8d00000,0x00000000e8d00000,0x00000000e9f80000)
 ParOldGen       total 158208K, used 19773K [0x0000000080000000, 0x0000000089a80000, 0x00000000d5580000)
  object space 158208K, 12% used [0x0000000080000000,0x000000008134f5b0,0x0000000089a80000)
 Metaspace       used 43329K, capacity 45406K, committed 45568K, reserved 1089536K
  class space    used 6005K, capacity 6360K, committed 6400K, reserved 1048576K
}
Event: 4.967 GC heap before
{Heap before GC invocations=10 (full 2):
 PSYoungGen      total 225792K, used 130928K [0x00000000d5580000, 0x00000000e9f80000, 0x0000000100000000)
  eden space 209920K, 54% used [0x00000000d5580000,0x00000000dc5e0e98,0x00000000e2280000)
  from space 15872K, 99% used [0x00000000e2280000,0x00000000e31fb370,0x00000000e3200000)
  to   space 18944K, 0% used [0x00000000e8d00000,0x00000000e8d00000,0x00000000e9f80000)
 ParOldGen       total 158208K, used 19773K [0x0000000080000000, 0x0000000089a80000, 0x00000000d5580000)
  object space 158208K, 12% used [0x0000000080000000,0x000000008134f5b0,0x0000000089a80000)
 Metaspace       used 55437K, capacity 57672K, committed 57856K, reserved 1105920K
  class space    used 7485K, capacity 7889K, committed 7936K, reserved 1048576K
Event: 4.981 GC heap after
Heap after GC invocations=10 (full 2):
 PSYoungGen      total 228864K, used 18941K [0x00000000d5580000, 0x00000000e9f80000, 0x0000000100000000)
  eden space 209920K, 0% used [0x00000000d5580000,0x00000000d5580000,0x00000000e2280000)
  from space 18944K, 99% used [0x00000000e8d00000,0x00000000e9f7f598,0x00000000e9f80000)
  to   space 15872K, 0% used [0x00000000e2280000,0x00000000e2280000,0x00000000e3200000)
 ParOldGen       total 158208K, used 24474K [0x0000000080000000, 0x0000000089a80000, 0x00000000d5580000)
  object space 158208K, 15% used [0x0000000080000000,0x00000000817e6a48,0x0000000089a80000)
 Metaspace       used 55437K, capacity 57672K, committed 57856K, reserved 1105920K
  class space    used 7485K, capacity 7889K, committed 7936K, reserved 1048576K
}
Event: 4.981 GC heap before
{Heap before GC invocations=11 (full 3):
 PSYoungGen      total 228864K, used 18941K [0x00000000d5580000, 0x00000000e9f80000, 0x0000000100000000)
  eden space 209920K, 0% used [0x00000000d5580000,0x00000000d5580000,0x00000000e2280000)
  from space 18944K, 99% used [0x00000000e8d00000,0x00000000e9f7f598,0x00000000e9f80000)
  to   space 15872K, 0% used [0x00000000e2280000,0x00000000e2280000,0x00000000e3200000)
 ParOldGen       total 158208K, used 24474K [0x0000000080000000, 0x0000000089a80000, 0x00000000d5580000)
  object space 158208K, 15% used [0x0000000080000000,0x00000000817e6a48,0x0000000089a80000)
 Metaspace       used 55437K, capacity 57672K, committed 57856K, reserved 1105920K
  class space    used 7485K, capacity 7889K, committed 7936K, reserved 1048576K
Event: 5.120 GC heap after
Heap after GC invocations=11 (full 3):
 PSYoungGen      total 228864K, used 0K [0x00000000d5580000, 0x00000000e9f80000, 0x0000000100000000)
  eden space 209920K, 0% used [0x00000000d5580000,0x00000000d5580000,0x00000000e2280000)
  from space 18944K, 0% used [0x00000000e8d00000,0x00000000e8d00000,0x00000000e9f80000)
  to   space 15872K, 0% used [0x00000000e2280000,0x00000000e2280000,0x00000000e3200000)
 ParOldGen       total 158208K, used 39336K [0x0000000080000000, 0x0000000089a80000, 0x00000000d5580000)
  object space 158208K, 24% used [0x0000000080000000,0x000000008266a278,0x0000000089a80000)
 Metaspace       used 55359K, capacity 57426K, committed 57856K, reserved 1103872K
  class space    used 7461K, capacity 7846K, committed 7936K, reserved 1048576K
}

