# JRE version: OpenJDK Runtime Environment (8.0_322-b06) (build 1.8.0_322-b06)
# Java VM: OpenJDK 64-Bit Server VM (25.322-b06 mixed mode windows-amd64 compressed oops)
Heap:
 PSYoungGen      total 203776K, used 98559K [0x00000000d5580000, 0x00000000e4f00000, 0x0000000100000000)
  eden space 186368K, 52% used [0x00000000d5580000,0x00000000db5bfeb0,0x00000000e0b80000)
  from space 17408K, 0% used [0x00000000e2100000,0x00000000e2100000,0x00000000e3200000)
  to   space 22016K, 0% used [0x00000000e0b80000,0x00000000e0b80000,0x00000000e2100000)
 ParOldGen       total 221696K, used 38298K [0x0000000080000000, 0x000000008d880000, 0x00000000d5580000)
  object space 221696K, 17% used [0x0000000080000000,0x0000000082566998,0x000000008d880000)
 Metaspace       used 60778K, capacity 63259K, committed 63488K, reserved 1103872K
  class space    used 8154K, capacity 8681K, committed 8704K, reserved 1048576K
GC Heap History (10 events):
Event: 3.610 GC heap before
{Heap before GC invocations=9 (full 2):
 PSYoungGen      total 114176K, used 10033K [0x00000000d5580000, 0x00000000e1400000, 0x0000000100000000)
  eden space 100352K, 0% used [0x00000000d5580000,0x00000000d5580000,0x00000000db780000)
  from space 13824K, 72% used [0x00000000db780000,0x00000000dc14c6b8,0x00000000dc500000)
  to   space 13824K, 0% used [0x00000000e0680000,0x00000000e0680000,0x00000000e1400000)
 ParOldGen       total 99840K, used 8224K [0x0000000080000000, 0x0000000086180000, 0x00000000d5580000)
  object space 99840K, 8% used [0x0000000080000000,0x00000000808081d0,0x0000000086180000)
 Metaspace       used 34316K, capacity 35395K, committed 35496K, reserved 1079296K
  class space    used 4755K, capacity 5019K, committed 5120K, reserved 1048576K
Event: 3.641 GC heap after
Heap after GC invocations=9 (full 2):
 PSYoungGen      total 114176K, used 0K [0x00000000d5580000, 0x00000000e1400000, 0x0000000100000000)
  eden space 100352K, 0% used [0x00000000d5580000,0x00000000d5580000,0x00000000db780000)
  from space 13824K, 0% used [0x00000000db780000,0x00000000db780000,0x00000000dc500000)
  to   space 13824K, 0% used [0x00000000e0680000,0x00000000e0680000,0x00000000e1400000)
 ParOldGen       total 150528K, used 16635K [0x0000000080000000, 0x0000000089300000, 0x00000000d5580000)
  object space 150528K, 11% used [0x0000000080000000,0x000000008103ee98,0x0000000089300000)
 Metaspace       used 34316K, capacity 35395K, committed 35496K, reserved 1079296K
  class space    used 4755K, capacity 5019K, committed 5120K, reserved 1048576K
}
Event: 4.499 GC heap before
{Heap before GC invocations=10 (full 2):
 PSYoungGen      total 114176K, used 100352K [0x00000000d5580000, 0x00000000e1400000, 0x0000000100000000)
  eden space 100352K, 100% used [0x00000000d5580000,0x00000000db780000,0x00000000db780000)
  from space 13824K, 0% used [0x00000000db780000,0x00000000db780000,0x00000000dc500000)
  to   space 13824K, 0% used [0x00000000e0680000,0x00000000e0680000,0x00000000e1400000)
 ParOldGen       total 150528K, used 16635K [0x0000000080000000, 0x0000000089300000, 0x00000000d5580000)
  object space 150528K, 11% used [0x0000000080000000,0x000000008103ee98,0x0000000089300000)
 Metaspace       used 39915K, capacity 41447K, committed 41728K, reserved 1085440K
  class space    used 5455K, capacity 5765K, committed 5888K, reserved 1048576K
Event: 4.506 GC heap after
Heap after GC invocations=10 (full 2):
 PSYoungGen      total 161792K, used 10823K [0x00000000d5580000, 0x00000000e1180000, 0x0000000100000000)
  eden space 150528K, 0% used [0x00000000d5580000,0x00000000d5580000,0x00000000de880000)
  from space 11264K, 96% used [0x00000000e0680000,0x00000000e1111e80,0x00000000e1180000)
  to   space 13824K, 0% used [0x00000000df680000,0x00000000df680000,0x00000000e0400000)
 ParOldGen       total 150528K, used 16643K [0x0000000080000000, 0x0000000089300000, 0x00000000d5580000)
  object space 150528K, 11% used [0x0000000080000000,0x0000000081040e98,0x0000000089300000)
 Metaspace       used 39915K, capacity 41447K, committed 41728K, reserved 1085440K
  class space    used 5455K, capacity 5765K, committed 5888K, reserved 1048576K
}
Event: 8.004 GC heap before
{Heap before GC invocations=11 (full 2):
 PSYoungGen      total 161792K, used 161351K [0x00000000d5580000, 0x00000000e1180000, 0x0000000100000000)
  eden space 150528K, 100% used [0x00000000d5580000,0x00000000de880000,0x00000000de880000)
  from space 11264K, 96% used [0x00000000e0680000,0x00000000e1111e80,0x00000000e1180000)
  to   space 13824K, 0% used [0x00000000df680000,0x00000000df680000,0x00000000e0400000)
 ParOldGen       total 150528K, used 16643K [0x0000000080000000, 0x0000000089300000, 0x00000000d5580000)
  object space 150528K, 11% used [0x0000000080000000,0x0000000081040e98,0x0000000089300000)
 Metaspace       used 46929K, capacity 49125K, committed 49280K, reserved 1091584K
  class space    used 6408K, capacity 6782K, committed 6784K, reserved 1048576K
Event: 8.017 GC heap after
Heap after GC invocations=11 (full 2):
 PSYoungGen      total 178688K, used 13818K [0x00000000d5580000, 0x00000000e3200000, 0x0000000100000000)
  eden space 164864K, 0% used [0x00000000d5580000,0x00000000d5580000,0x00000000df680000)
  from space 13824K, 99% used [0x00000000df680000,0x00000000e03fe9e0,0x00000000e0400000)
  to   space 17408K, 0% used [0x00000000e2100000,0x00000000e2100000,0x00000000e3200000)
 ParOldGen       total 150528K, used 21302K [0x0000000080000000, 0x0000000089300000, 0x00000000d5580000)
  object space 150528K, 14% used [0x0000000080000000,0x00000000814cd930,0x0000000089300000)
 Metaspace       used 46929K, capacity 49125K, committed 49280K, reserved 1091584K
  class space    used 6408K, capacity 6782K, committed 6784K, reserved 1048576K
}
Event: 8.813 GC heap before
{Heap before GC invocations=12 (full 2):
 PSYoungGen      total 178688K, used 104884K [0x00000000d5580000, 0x00000000e3200000, 0x0000000100000000)
  eden space 164864K, 55% used [0x00000000d5580000,0x00000000dae6e908,0x00000000df680000)
  from space 13824K, 99% used [0x00000000df680000,0x00000000e03fe9e0,0x00000000e0400000)
  to   space 17408K, 0% used [0x00000000e2100000,0x00000000e2100000,0x00000000e3200000)
 ParOldGen       total 150528K, used 21302K [0x0000000080000000, 0x0000000089300000, 0x00000000d5580000)
  object space 150528K, 14% used [0x0000000080000000,0x00000000814cd930,0x0000000089300000)
 Metaspace       used 56753K, capacity 59059K, committed 59160K, reserved 1099776K
  class space    used 7594K, capacity 7981K, committed 8064K, reserved 1048576K
Event: 8.826 GC heap after
Heap after GC invocations=12 (full 2):
 PSYoungGen      total 203776K, used 17383K [0x00000000d5580000, 0x00000000e4f00000, 0x0000000100000000)
  eden space 186368K, 0% used [0x00000000d5580000,0x00000000d5580000,0x00000000e0b80000)
  from space 17408K, 99% used [0x00000000e2100000,0x00000000e31f9cb0,0x00000000e3200000)
  to   space 22016K, 0% used [0x00000000e0b80000,0x00000000e0b80000,0x00000000e2100000)
 ParOldGen       total 150528K, used 28173K [0x0000000080000000, 0x0000000089300000, 0x00000000d5580000)
  object space 150528K, 18% used [0x0000000080000000,0x0000000081b834d0,0x0000000089300000)
 Metaspace       used 56753K, capacity 59059K, committed 59160K, reserved 1099776K
  class space    used 7594K, capacity 7981K, committed 8064K, reserved 1048576K
}
Event: 8.826 GC heap before
{Heap before GC invocations=13 (full 3):
 PSYoungGen      total 203776K, used 17383K [0x00000000d5580000, 0x00000000e4f00000, 0x0000000100000000)
  eden space 186368K, 0% used [0x00000000d5580000,0x00000000d5580000,0x00000000e0b80000)
  from space 17408K, 99% used [0x00000000e2100000,0x00000000e31f9cb0,0x00000000e3200000)
  to   space 22016K, 0% used [0x00000000e0b80000,0x00000000e0b80000,0x00000000e2100000)
 ParOldGen       total 150528K, used 28173K [0x0000000080000000, 0x0000000089300000, 0x00000000d5580000)
  object space 150528K, 18% used [0x0000000080000000,0x0000000081b834d0,0x0000000089300000)
 Metaspace       used 56753K, capacity 59059K, committed 59160K, reserved 1099776K
  class space    used 7594K, capacity 7981K, committed 8064K, reserved 1048576K
Event: 8.938 GC heap after
Heap after GC invocations=13 (full 3):
 PSYoungGen      total 203776K, used 0K [0x00000000d5580000, 0x00000000e4f00000, 0x0000000100000000)
  eden space 186368K, 0% used [0x00000000d5580000,0x00000000d5580000,0x00000000e0b80000)
  from space 17408K, 0% used [0x00000000e2100000,0x00000000e2100000,0x00000000e3200000)
  to   space 22016K, 0% used [0x00000000e0b80000,0x00000000e0b80000,0x00000000e2100000)
 ParOldGen       total 221696K, used 38298K [0x0000000080000000, 0x000000008d880000, 0x00000000d5580000)
  object space 221696K, 17% used [0x0000000080000000,0x0000000082566998,0x000000008d880000)
 Metaspace       used 56623K, capacity 58695K, committed 59160K, reserved 1099776K
  class space    used 7557K, capacity 7923K, committed 8064K, reserved 1048576K
}

