# JRE version: OpenJDK Runtime Environment (8.0_322-b06) (build 1.8.0_322-b06)
# Java VM: OpenJDK 64-Bit Server VM (25.322-b06 mixed mode windows-amd64 compressed oops)
Heap:
 PSYoungGen      total 317440K, used 238219K [0x00000000d5580000, 0x00000000eda80000, 0x0000000100000000)
  eden space 291840K, 72% used [0x00000000d5580000,0x00000000e25266c8,0x00000000e7280000)
  from space 25600K, 99% used [0x00000000e7280000,0x00000000e8b7c668,0x00000000e8b80000)
  to   space 30208K, 0% used [0x00000000ebd00000,0x00000000ebd00000,0x00000000eda80000)
 ParOldGen       total 159232K, used 48708K [0x0000000080000000, 0x0000000089b80000, 0x00000000d5580000)
  object space 159232K, 30% used [0x0000000080000000,0x0000000082f91310,0x0000000089b80000)
 Metaspace       used 82025K, capacity 86059K, committed 86272K, reserved 1124352K
  class space    used 11162K, capacity 11939K, committed 12032K, reserved 1048576K
GC Heap History (10 events):
Event: 2.700 GC heap before
{Heap before GC invocations=8 (full 2):
 PSYoungGen      total 223232K, used 11445K [0x00000000d5580000, 0x00000000e4380000, 0x0000000100000000)
  eden space 207872K, 0% used [0x00000000d5580000,0x00000000d5580000,0x00000000e2080000)
  from space 15360K, 74% used [0x00000000e3000000,0x00000000e3b2d5d8,0x00000000e3f00000)
  to   space 15872K, 0% used [0x00000000e2080000,0x00000000e2080000,0x00000000e3000000)
 ParOldGen       total 99328K, used 11830K [0x0000000080000000, 0x0000000086100000, 0x00000000d5580000)
  object space 99328K, 11% used [0x0000000080000000,0x0000000080b8d8c0,0x0000000086100000)
 Metaspace       used 34107K, capacity 35369K, committed 35496K, reserved 1079296K
  class space    used 4723K, capacity 5047K, committed 5120K, reserved 1048576K
Event: 2.734 GC heap after
Heap after GC invocations=8 (full 2):
 PSYoungGen      total 223232K, used 0K [0x00000000d5580000, 0x00000000e4380000, 0x0000000100000000)
  eden space 207872K, 0% used [0x00000000d5580000,0x00000000d5580000,0x00000000e2080000)
  from space 15360K, 0% used [0x00000000e3000000,0x00000000e3000000,0x00000000e3f00000)
  to   space 15872K, 0% used [0x00000000e2080000,0x00000000e2080000,0x00000000e3000000)
 ParOldGen       total 159232K, used 18047K [0x0000000080000000, 0x0000000089b80000, 0x00000000d5580000)
  object space 159232K, 11% used [0x0000000080000000,0x000000008119fec0,0x0000000089b80000)
 Metaspace       used 34107K, capacity 35369K, committed 35496K, reserved 1079296K
  class space    used 4723K, capacity 5047K, committed 5120K, reserved 1048576K
}
Event: 3.650 GC heap before
{Heap before GC invocations=9 (full 2):
 PSYoungGen      total 223232K, used 207872K [0x00000000d5580000, 0x00000000e4380000, 0x0000000100000000)
  eden space 207872K, 100% used [0x00000000d5580000,0x00000000e2080000,0x00000000e2080000)
  from space 15360K, 0% used [0x00000000e3000000,0x00000000e3000000,0x00000000e3f00000)
  to   space 15872K, 0% used [0x00000000e2080000,0x00000000e2080000,0x00000000e3000000)
 ParOldGen       total 159232K, used 18047K [0x0000000080000000, 0x0000000089b80000, 0x00000000d5580000)
  object space 159232K, 11% used [0x0000000080000000,0x000000008119fec0,0x0000000089b80000)
 Metaspace       used 42273K, capacity 44427K, committed 44544K, reserved 1087488K
  class space    used 5956K, capacity 6371K, committed 6400K, reserved 1048576K
Event: 3.660 GC heap after
Heap after GC invocations=9 (full 2):
 PSYoungGen      total 223744K, used 15864K [0x00000000d5580000, 0x00000000e9d00000, 0x0000000100000000)
  eden space 207872K, 0% used [0x00000000d5580000,0x00000000d5580000,0x00000000e2080000)
  from space 15872K, 99% used [0x00000000e2080000,0x00000000e2ffe250,0x00000000e3000000)
  to   space 17920K, 0% used [0x00000000e8b80000,0x00000000e8b80000,0x00000000e9d00000)
 ParOldGen       total 159232K, used 18319K [0x0000000080000000, 0x0000000089b80000, 0x00000000d5580000)
  object space 159232K, 11% used [0x0000000080000000,0x00000000811e3d30,0x0000000089b80000)
 Metaspace       used 42273K, capacity 44427K, committed 44544K, reserved 1087488K
  class space    used 5956K, capacity 6371K, committed 6400K, reserved 1048576K
}
Event: 4.787 GC heap before
{Heap before GC invocations=10 (full 2):
 PSYoungGen      total 223744K, used 200458K [0x00000000d5580000, 0x00000000e9d00000, 0x0000000100000000)
  eden space 207872K, 88% used [0x00000000d5580000,0x00000000e09c47a0,0x00000000e2080000)
  from space 15872K, 99% used [0x00000000e2080000,0x00000000e2ffe250,0x00000000e3000000)
  to   space 17920K, 0% used [0x00000000e8b80000,0x00000000e8b80000,0x00000000e9d00000)
 ParOldGen       total 159232K, used 18319K [0x0000000080000000, 0x0000000089b80000, 0x00000000d5580000)
  object space 159232K, 11% used [0x0000000080000000,0x00000000811e3d30,0x0000000089b80000)
 Metaspace       used 56634K, capacity 59047K, committed 59136K, reserved 1099776K
  class space    used 7685K, capacity 8161K, committed 8192K, reserved 1048576K
Event: 4.803 GC heap after
Heap after GC invocations=10 (full 2):
 PSYoungGen      total 309760K, used 17892K [0x00000000d5580000, 0x00000000ea980000, 0x0000000100000000)
  eden space 291840K, 0% used [0x00000000d5580000,0x00000000d5580000,0x00000000e7280000)
  from space 17920K, 99% used [0x00000000e8b80000,0x00000000e9cf9330,0x00000000e9d00000)
  to   space 25600K, 0% used [0x00000000e7280000,0x00000000e7280000,0x00000000e8b80000)
 ParOldGen       total 159232K, used 30748K [0x0000000080000000, 0x0000000089b80000, 0x00000000d5580000)
  object space 159232K, 19% used [0x0000000080000000,0x0000000081e07298,0x0000000089b80000)
 Metaspace       used 56634K, capacity 59047K, committed 59136K, reserved 1099776K
  class space    used 7685K, capacity 8161K, committed 8192K, reserved 1048576K
}
Event: 4.803 GC heap before
{Heap before GC invocations=11 (full 3):
 PSYoungGen      total 309760K, used 17892K [0x00000000d5580000, 0x00000000ea980000, 0x0000000100000000)
  eden space 291840K, 0% used [0x00000000d5580000,0x00000000d5580000,0x00000000e7280000)
  from space 17920K, 99% used [0x00000000e8b80000,0x00000000e9cf9330,0x00000000e9d00000)
  to   space 25600K, 0% used [0x00000000e7280000,0x00000000e7280000,0x00000000e8b80000)
 ParOldGen       total 159232K, used 30748K [0x0000000080000000, 0x0000000089b80000, 0x00000000d5580000)
  object space 159232K, 19% used [0x0000000080000000,0x0000000081e07298,0x0000000089b80000)
 Metaspace       used 56634K, capacity 59047K, committed 59136K, reserved 1099776K
  class space    used 7685K, capacity 8161K, committed 8192K, reserved 1048576K
Event: 4.962 GC heap after
Heap after GC invocations=11 (full 3):
 PSYoungGen      total 309760K, used 0K [0x00000000d5580000, 0x00000000ea980000, 0x0000000100000000)
  eden space 291840K, 0% used [0x00000000d5580000,0x00000000d5580000,0x00000000e7280000)
  from space 17920K, 0% used [0x00000000e8b80000,0x00000000e8b80000,0x00000000e9d00000)
  to   space 25600K, 0% used [0x00000000e7280000,0x00000000e7280000,0x00000000e8b80000)
 ParOldGen       total 159232K, used 46059K [0x0000000080000000, 0x0000000089b80000, 0x00000000d5580000)
  object space 159232K, 28% used [0x0000000080000000,0x0000000082cfaed8,0x0000000089b80000)
 Metaspace       used 56563K, capacity 58807K, committed 59136K, reserved 1099776K
  class space    used 7663K, capacity 8121K, committed 8192K, reserved 1048576K
}
Event: 7.822 GC heap before
{Heap before GC invocations=12 (full 3):
 PSYoungGen      total 309760K, used 291840K [0x00000000d5580000, 0x00000000ea980000, 0x0000000100000000)
  eden space 291840K, 100% used [0x00000000d5580000,0x00000000e7280000,0x00000000e7280000)
  from space 17920K, 0% used [0x00000000e8b80000,0x00000000e8b80000,0x00000000e9d00000)
  to   space 25600K, 0% used [0x00000000e7280000,0x00000000e7280000,0x00000000e8b80000)
 ParOldGen       total 159232K, used 46059K [0x0000000080000000, 0x0000000089b80000, 0x00000000d5580000)
  object space 159232K, 28% used [0x0000000080000000,0x0000000082cfaed8,0x0000000089b80000)
 Metaspace       used 74681K, capacity 77845K, committed 78080K, reserved 1116160K
  class space    used 10252K, capacity 10936K, committed 11008K, reserved 1048576K
Event: 7.841 GC heap after
Heap after GC invocations=12 (full 3):
 PSYoungGen      total 317440K, used 25585K [0x00000000d5580000, 0x00000000eda80000, 0x0000000100000000)
  eden space 291840K, 0% used [0x00000000d5580000,0x00000000d5580000,0x00000000e7280000)
  from space 25600K, 99% used [0x00000000e7280000,0x00000000e8b7c668,0x00000000e8b80000)
  to   space 30208K, 0% used [0x00000000ebd00000,0x00000000ebd00000,0x00000000eda80000)
 ParOldGen       total 159232K, used 48708K [0x0000000080000000, 0x0000000089b80000, 0x00000000d5580000)
  object space 159232K, 30% used [0x0000000080000000,0x0000000082f91310,0x0000000089b80000)
 Metaspace       used 74681K, capacity 77845K, committed 78080K, reserved 1116160K
  class space    used 10252K, capacity 10936K, committed 11008K, reserved 1048576K
}

